<?xml version="1.0" encoding="UTF-8"?>
<!-- Generated by org.testng.reporters.JUnitXMLReporter -->
<testsuite ignored="0" hostname="DESKTOP-DLC7NHG" failures="4" tests="4" name="Surefire test" time="0.044" errors="0" timestamp="2022-04-03T12:40:01 CEST">
  <testcase classname="com.svalero.kiosk.Tests" name="BooksAreEquals" time="0.004">
    <failure type="java.lang.NullPointerException">
      <![CDATA[java.lang.NullPointerException
at com.svalero.kiosk.Tests.BooksAreEquals(Tests.java:56)
at java.base/java.util.ArrayList.forEach(ArrayList.java:1541)
... Removed 32 stack frames]]>
    </failure>
  </testcase> <!-- BooksAreEquals -->
  <testcase classname="com.svalero.kiosk.Tests" name="checkBookProperties" time="0.0">
    <failure type="java.lang.NullPointerException">
      <![CDATA[java.lang.NullPointerException
at com.svalero.kiosk.Tests.checkBookProperties(Tests.java:29)
at java.base/java.util.ArrayList.forEach(ArrayList.java:1541)
... Removed 32 stack frames]]>
    </failure>
  </testcase> <!-- checkBookProperties -->
  <testcase classname="com.svalero.kiosk.Tests" name="checkMagazineProperties" time="0.001">
    <failure type="java.lang.NullPointerException">
      <![CDATA[java.lang.NullPointerException
at com.svalero.kiosk.Tests.checkMagazineProperties(Tests.java:38)
at java.base/java.util.ArrayList.forEach(ArrayList.java:1541)
... Removed 32 stack frames]]>
    </failure>
  </testcase> <!-- checkMagazineProperties -->
  <testcase classname="com.svalero.kiosk.Tests" name="checkNewspaperProperties" time="0.001">
    <failure type="java.lang.NullPointerException">
      <![CDATA[java.lang.NullPointerException
at com.svalero.kiosk.Tests.checkNewspaperProperties(Tests.java:47)
at java.base/java.util.ArrayList.forEach(ArrayList.java:1541)
... Removed 32 stack frames]]>
    </failure>
  </testcase> <!-- checkNewspaperProperties -->
</testsuite> <!-- Surefire test -->
