<?xml version="1.0" encoding="UTF-8"?>
<testsuite xmlns:xsi="http://www.w3.org/2001/XMLSchema-instance" xsi:noNamespaceSchemaLocation="https://maven.apache.org/surefire/maven-surefire-plugin/xsd/surefire-test-report.xsd" name="com.svalero.kiosk.Tests" time="0.025" tests="4" errors="0" skipped="0" failures="0">
  <properties>
[...]
</properties>
  <testcase name="checkMagazineProperties" classname="com.svalero.kiosk.Tests" time="0.012"/>
  <testcase name="BooksAreEquals" classname="com.svalero.kiosk.Tests" time="0"/>
  <testcase name="checkNewspaperProperties" classname="com.svalero.kiosk.Tests" time="0"/>
  <testcase name="checkBookProperties" classname="com.svalero.kiosk.Tests" time="0"/>
</testsuite>